{ "name": "Ten", "value": 1}
{ "name": "Ten", "value": 1}
{ "name": "Ten", "value": 1}
{ "name": "Ten", "value": 1}
{ "name": "Ten", "value": 1}
{ "name": "Ten", "value": 1}
{ "name": "Ten", "value": 1}
{ "name": "Ten", "value": 1}
{ "name": "Ten", "value": 1}
{ "name": "Ten", "value": 1}
{ "name": "Nine", "value": 1}
{ "name": "Nine", "value": 1}
{ "name": "Nine", "value": 1}
{ "name": "Nine", "value": 2}
{ "name": "Nine", "value": 2}
{ "name": "Nine", "value": 2}
{ "name": "Eight", "value": 1}
{ "name": "Eight", "value": 1}
{ "name": "Eight", "value": 1}
{ "name": "Eight", "value": 1}
{ "name": "Eight", "value": 2}
{ "name": "Eight", "value": 2}
{ "name": "Seven", "value": 1}
{ "name": "Seven", "value": 1}
{ "name": "Seven", "value": 1}
{ "name": "Seven", "value": 1}
{ "name": "Seven", "value": 1}
{ "name": "Seven", "value": 1}
{ "name": "Seven", "value": 1}
{ "name": "Six", "value": 6}
{ "name": "Five", "value": 3}
{ "name": "Five", "value": 2}
{ "name": "Four", "value": 1}
{ "name": "Four", "value": 1}
{ "name": "Four", "value": 1}
{ "name": "Four", "value": 1}
{ "name": "Three", "value": 3}
{ "name": "Two", "value": 1}
{ "name": "Two", "value": 1}
{ "name": "One", "value": 1}